F:\Sameh\Ui\WebUI\WebUI\ClientApp\AjaxCaller.js
F:\Sameh\Ui\WebUI\WebUI\ClientApp\AjaxCaller.js.map
F:\Sameh\Ui\WebUI\WebUI\ClientApp\App.js
F:\Sameh\Ui\WebUI\WebUI\ClientApp\App.js.map
F:\Sameh\Ui\WebUI\WebUI\ClientApp\ClientGeneralTools.js
F:\Sameh\Ui\WebUI\WebUI\ClientApp\ClientGeneralTools.js.map
F:\Sameh\Ui\WebUI\WebUI\ClientApp\CustomEntities.js
F:\Sameh\Ui\WebUI\WebUI\ClientApp\CustomEntities.js.map
F:\Sameh\Ui\WebUI\WebUI\ClientApp\DataTable.js
F:\Sameh\Ui\WebUI\WebUI\ClientApp\DataTable.js.map
F:\Sameh\Ui\WebUI\WebUI\ClientApp\Entities.js
F:\Sameh\Ui\WebUI\WebUI\ClientApp\Entities.js.map
F:\Sameh\Ui\WebUI\WebUI\ClientApp\IgGrid.js
F:\Sameh\Ui\WebUI\WebUI\ClientApp\IgGrid.js.map
F:\Sameh\Ui\WebUI\WebUI\ClientApp\JsGrid.js
F:\Sameh\Ui\WebUI\WebUI\ClientApp\JsGrid.js.map
F:\Sameh\Ui\WebUI\WebUI\ClientApp\Login\Login.js
F:\Sameh\Ui\WebUI\WebUI\ClientApp\Login\Login.js.map
F:\Sameh\Ui\WebUI\WebUI\ClientApp\MessageBox.js
F:\Sameh\Ui\WebUI\WebUI\ClientApp\MessageBox.js.map
F:\Sameh\Ui\WebUI\WebUI\ClientApp\Home\Home.js
F:\Sameh\Ui\WebUI\WebUI\ClientApp\Home\Home.js.map
F:\Sameh\Ui\WebUI\WebUI\ClientApp\Shared.js
F:\Sameh\Ui\WebUI\WebUI\ClientApp\Shared.js.map
F:\Sameh\Ui\WebUI\WebUI\ClientApp\SystemTools.js
F:\Sameh\Ui\WebUI\WebUI\ClientApp\SystemTools.js.map
